<?xml version="1.0" encoding="UTF-8"?>
<!-- Generated by org.testng.reporters.JUnitReportReporter -->
<testsuite hostname="DESKTOP-B84KNI1" failures="0" tests="1" name="testscripts.Launch" time="69.276" errors="0" timestamp="2024-03-28T00:28:26 IST" skipped="0">
  <testcase classname="testscripts.Launch" name="launch" time="69.276"/>
  <system-out/>
</testsuite> <!-- testscripts.Launch -->
