<?xml version="1.0" encoding="UTF-8"?>
<!-- Generated by org.testng.reporters.JUnitReportReporter -->
<testsuite hostname="DESKTOP-B84KNI1" failures="0" tests="1" name="vTiger.LoginToURL" time="53.859" errors="0" timestamp="2024-03-27T19:32:06 IST" skipped="0">
  <testcase classname="vTiger.LoginToURL" name="login" time="53.859"/>
  <system-out/>
</testsuite> <!-- vTiger.LoginToURL -->
